c:\users\daniel\dropbox\dropbox\code\c++\chilli tomato noodle\3.poo game\engine\debug\mouse.obj
c:\users\daniel\dropbox\dropbox\code\c++\chilli tomato noodle\3.poo game\engine\debug\keyboard.obj
c:\users\daniel\dropbox\dropbox\code\c++\chilli tomato noodle\3.poo game\engine\debug\scoreboard.obj
c:\users\daniel\dropbox\dropbox\code\c++\chilli tomato noodle\3.poo game\engine\debug\dxerr.obj
c:\users\daniel\dropbox\dropbox\code\c++\chilli tomato noodle\3.poo game\engine\debug\main.obj
c:\users\daniel\dropbox\dropbox\code\c++\chilli tomato noodle\3.poo game\engine\debug\goal.obj
c:\users\daniel\dropbox\dropbox\code\c++\chilli tomato noodle\3.poo game\engine\debug\dude.obj
c:\users\daniel\dropbox\dropbox\code\c++\chilli tomato noodle\3.poo game\engine\debug\game.obj
c:\users\daniel\dropbox\dropbox\code\c++\chilli tomato noodle\3.poo game\engine\debug\graphics.obj
c:\users\daniel\dropbox\dropbox\code\c++\chilli tomato noodle\3.poo game\engine\debug\mainwindow.obj
c:\users\daniel\dropbox\dropbox\code\c++\chilli tomato noodle\3.poo game\engine\framebufferps.shh
c:\users\daniel\dropbox\dropbox\code\c++\chilli tomato noodle\3.poo game\engine\framebuffervs.shh
c:\users\daniel\dropbox\dropbox\code\c++\chilli tomato noodle\3.poo game\engine\debug\vc141.idb
c:\users\daniel\dropbox\dropbox\code\c++\chilli tomato noodle\3.poo game\engine\debug\vc141.pdb
c:\users\daniel\dropbox\dropbox\code\c++\chilli tomato noodle\3.poo game\engine\debug\engine.tlog\cl.10208.write.1.tlog
c:\users\daniel\dropbox\dropbox\code\c++\chilli tomato noodle\3.poo game\engine\debug\engine.tlog\cl.command.1.tlog
c:\users\daniel\dropbox\dropbox\code\c++\chilli tomato noodle\3.poo game\engine\debug\engine.tlog\cl.read.1.tlog
c:\users\daniel\dropbox\dropbox\code\c++\chilli tomato noodle\3.poo game\engine\debug\engine.tlog\fxc.command.1.tlog
c:\users\daniel\dropbox\dropbox\code\c++\chilli tomato noodle\3.poo game\engine\debug\engine.tlog\fxc.read.1.tlog
c:\users\daniel\dropbox\dropbox\code\c++\chilli tomato noodle\3.poo game\engine\debug\engine.tlog\fxc.write.1.tlog
